Analysis & Synthesis report for myorgan
Thu May 22 17:35:42 2025
Quartus II Version 9.0 Build 235 06/17/2009 Service Pack 2 SJ Web Edition


---------------------
; Table of Contents ;
---------------------
  1. Legal Notice
  2. Analysis & Synthesis Summary
  3. Analysis & Synthesis Settings
  4. Analysis & Synthesis Source Files Read
  5. Analysis & Synthesis Resource Usage Summary
  6. Analysis & Synthesis Resource Utilization by Entity
  7. General Register Statistics
  8. Port Connectivity Checks: "myclockdivider:Generate_1Hz_clk"
  9. Port Connectivity Checks: "myclockdivider:Generate_clk"
 10. Analysis & Synthesis Messages



----------------
; Legal Notice ;
----------------
Copyright (C) 1991-2009 Altera Corporation
Your use of Altera Corporation's design tools, logic functions 
and other software and tools, and its AMPP partner logic 
functions, and any output files from any of the foregoing 
(including device programming or simulation files), and any 
associated documentation or information are expressly subject 
to the terms and conditions of the Altera Program License 
Subscription Agreement, Altera MegaCore Function License 
Agreement, or other applicable license agreement, including, 
without limitation, that your use is for the sole purpose of 
programming logic devices manufactured by Altera and sold by 
Altera or its authorized distributors.  Please refer to the 
applicable agreement for further details.



+-----------------------------------------------------------------------------------+
; Analysis & Synthesis Summary                                                      ;
+------------------------------------+----------------------------------------------+
; Analysis & Synthesis Status        ; Successful - Thu May 22 17:35:42 2025        ;
; Quartus II Version                 ; 9.0 Build 235 06/17/2009 SP 2 SJ Web Edition ;
; Revision Name                      ; myorgan                                      ;
; Top-level Entity Name              ; myorgan                                      ;
; Family                             ; Cyclone II                                   ;
; Total logic elements               ; 114                                          ;
;     Total combinational functions  ; 114                                          ;
;     Dedicated logic registers      ; 66                                           ;
; Total registers                    ; 66                                           ;
; Total pins                         ; 12                                           ;
; Total virtual pins                 ; 0                                            ;
; Total memory bits                  ; 0                                            ;
; Embedded Multiplier 9-bit elements ; 0                                            ;
; Total PLLs                         ; 0                                            ;
+------------------------------------+----------------------------------------------+


+--------------------------------------------------------------------------------------------------------+
; Analysis & Synthesis Settings                                                                          ;
+--------------------------------------------------------------+--------------------+--------------------+
; Option                                                       ; Setting            ; Default Value      ;
+--------------------------------------------------------------+--------------------+--------------------+
; Top-level entity name                                        ; myorgan            ; myorgan            ;
; Family name                                                  ; Cyclone II         ; Stratix II         ;
; Verilog Show LMF Mapping Messages                            ; Off                ;                    ;
; Verilog Version                                              ; SystemVerilog_2005 ; Verilog_2001       ;
; Use Generated Physical Constraints File                      ; Off                ;                    ;
; Use smart compilation                                        ; Off                ; Off                ;
; Restructure Multiplexers                                     ; Auto               ; Auto               ;
; Create Debugging Nodes for IP Cores                          ; Off                ; Off                ;
; Preserve fewer node names                                    ; On                 ; On                 ;
; Disable OpenCore Plus hardware evaluation                    ; Off                ; Off                ;
; VHDL Version                                                 ; VHDL93             ; VHDL93             ;
; State Machine Processing                                     ; Auto               ; Auto               ;
; Safe State Machine                                           ; Off                ; Off                ;
; Extract Verilog State Machines                               ; On                 ; On                 ;
; Extract VHDL State Machines                                  ; On                 ; On                 ;
; Ignore Verilog initial constructs                            ; Off                ; Off                ;
; Iteration limit for constant Verilog loops                   ; 5000               ; 5000               ;
; Iteration limit for non-constant Verilog loops               ; 250                ; 250                ;
; Add Pass-Through Logic to Inferred RAMs                      ; On                 ; On                 ;
; Parallel Synthesis                                           ; Off                ; Off                ;
; DSP Block Balancing                                          ; Auto               ; Auto               ;
; NOT Gate Push-Back                                           ; On                 ; On                 ;
; Power-Up Don't Care                                          ; On                 ; On                 ;
; Remove Redundant Logic Cells                                 ; Off                ; Off                ;
; Remove Duplicate Registers                                   ; On                 ; On                 ;
; Ignore CARRY Buffers                                         ; Off                ; Off                ;
; Ignore CASCADE Buffers                                       ; Off                ; Off                ;
; Ignore GLOBAL Buffers                                        ; Off                ; Off                ;
; Ignore ROW GLOBAL Buffers                                    ; Off                ; Off                ;
; Ignore LCELL Buffers                                         ; Off                ; Off                ;
; Ignore SOFT Buffers                                          ; On                 ; On                 ;
; Limit AHDL Integers to 32 Bits                               ; Off                ; Off                ;
; Optimization Technique                                       ; Balanced           ; Balanced           ;
; Carry Chain Length                                           ; 70                 ; 70                 ;
; Auto Carry Chains                                            ; On                 ; On                 ;
; Auto Open-Drain Pins                                         ; On                 ; On                 ;
; Perform WYSIWYG Primitive Resynthesis                        ; Off                ; Off                ;
; Auto ROM Replacement                                         ; On                 ; On                 ;
; Auto RAM Replacement                                         ; On                 ; On                 ;
; Auto Shift Register Replacement                              ; Auto               ; Auto               ;
; Auto Clock Enable Replacement                                ; On                 ; On                 ;
; Strict RAM Replacement                                       ; Off                ; Off                ;
; Allow Synchronous Control Signals                            ; On                 ; On                 ;
; Force Use of Synchronous Clear Signals                       ; Off                ; Off                ;
; Auto RAM to Logic Cell Conversion                            ; Off                ; Off                ;
; Auto Resource Sharing                                        ; Off                ; Off                ;
; Allow Any RAM Size For Recognition                           ; Off                ; Off                ;
; Allow Any ROM Size For Recognition                           ; Off                ; Off                ;
; Allow Any Shift Register Size For Recognition                ; Off                ; Off                ;
; Use LogicLock Constraints during Resource Balancing          ; On                 ; On                 ;
; Ignore translate_off and synthesis_off directives            ; Off                ; Off                ;
; Timing-Driven Synthesis                                      ; Off                ; Off                ;
; Show Parameter Settings Tables in Synthesis Report           ; On                 ; On                 ;
; Ignore Maximum Fan-Out Assignments                           ; Off                ; Off                ;
; Synchronization Register Chain Length                        ; 2                  ; 2                  ;
; PowerPlay Power Optimization                                 ; Normal compilation ; Normal compilation ;
; HDL message level                                            ; Level2             ; Level2             ;
; Suppress Register Optimization Related Messages              ; Off                ; Off                ;
; Number of Removed Registers Reported in Synthesis Report     ; 100                ; 100                ;
; Number of Inverted Registers Reported in Synthesis Report    ; 100                ; 100                ;
; Clock MUX Protection                                         ; On                 ; On                 ;
; Auto Gated Clock Conversion                                  ; Off                ; Off                ;
; Block Design Naming                                          ; Auto               ; Auto               ;
; SDC constraint protection                                    ; Off                ; Off                ;
; Synthesis Effort                                             ; Auto               ; Auto               ;
; Shift Register Replacement - Allow Asynchronous Clear Signal ; On                 ; On                 ;
; Analysis & Synthesis Message Level                           ; Medium             ; Medium             ;
+--------------------------------------------------------------+--------------------+--------------------+


+-----------------------------------------------------------------------------------------------------------------------------------------------------------------------------------------------+
; Analysis & Synthesis Source Files Read                                                                                                                                                        ;
+----------------------------------+-----------------+------------------------+-----------------------------------------------------------------------------------------------------------------+
; File Name with User-Entered Path ; Used in Netlist ; File Type              ; File Name with Absolute Path                                                                                    ;
+----------------------------------+-----------------+------------------------+-----------------------------------------------------------------------------------------------------------------+
; myclockdivider.v                 ; yes             ; User Verilog HDL File  ; C:/Users/Admin/Desktop/ubc/2025S_T1/cpen311/lab/lab1/lab1_template_de1soc/lab1_template_de1soc/myclockdivider.v ;
; myorgan.v                        ; yes             ; User Verilog HDL File  ; C:/Users/Admin/Desktop/ubc/2025S_T1/cpen311/lab/lab1/lab1_template_de1soc/lab1_template_de1soc/myorgan.v        ;
+----------------------------------+-----------------+------------------------+-----------------------------------------------------------------------------------------------------------------+


+-------------------------------------------------------+
; Analysis & Synthesis Resource Usage Summary           ;
+---------------------------------------------+---------+
; Resource                                    ; Usage   ;
+---------------------------------------------+---------+
; Estimated Total logic elements              ; 114     ;
;                                             ;         ;
; Total combinational functions               ; 114     ;
; Logic element usage by number of LUT inputs ;         ;
;     -- 4 input functions                    ; 23      ;
;     -- 3 input functions                    ; 21      ;
;     -- <=2 input functions                  ; 70      ;
;                                             ;         ;
; Logic elements by mode                      ;         ;
;     -- normal mode                          ; 38      ;
;     -- arithmetic mode                      ; 76      ;
;                                             ;         ;
; Total registers                             ; 66      ;
;     -- Dedicated logic registers            ; 66      ;
;     -- I/O registers                        ; 0       ;
;                                             ;         ;
; I/O pins                                    ; 12      ;
; Maximum fan-out node                        ; CLK_50M ;
; Maximum fan-out                             ; 66      ;
; Total fan-out                               ; 492     ;
; Average fan-out                             ; 2.56    ;
+---------------------------------------------+---------+


+------------------------------------------------------------------------------------------------------------------------------------------------------------------------------------------------------------+
; Analysis & Synthesis Resource Utilization by Entity                                                                                                                                                        ;
+--------------------------------------+-------------------+--------------+-------------+--------------+---------+-----------+------+--------------+------------------------------------------+--------------+
; Compilation Hierarchy Node           ; LC Combinationals ; LC Registers ; Memory Bits ; DSP Elements ; DSP 9x9 ; DSP 18x18 ; Pins ; Virtual Pins ; Full Hierarchy Name                      ; Library Name ;
+--------------------------------------+-------------------+--------------+-------------+--------------+---------+-----------+------+--------------+------------------------------------------+--------------+
; |myorgan                             ; 114 (15)          ; 66 (0)       ; 0           ; 0            ; 0       ; 0         ; 12   ; 0            ; |myorgan                                 ; work         ;
;    |myclockdivider:Generate_1Hz_clk| ; 43 (43)           ; 33 (33)      ; 0           ; 0            ; 0       ; 0         ; 0    ; 0            ; |myorgan|myclockdivider:Generate_1Hz_clk ; work         ;
;    |myclockdivider:Generate_clk|     ; 56 (56)           ; 33 (33)      ; 0           ; 0            ; 0       ; 0         ; 0    ; 0            ; |myorgan|myclockdivider:Generate_clk     ; work         ;
+--------------------------------------+-------------------+--------------+-------------+--------------+---------+-----------+------+--------------+------------------------------------------+--------------+
Note: For table entries with two numbers listed, the numbers in parentheses indicate the number of resources of the given type used by the specific entity alone. The numbers listed outside of parentheses indicate the total resources of the given type used by the specific entity and all of its sub-entities in the hierarchy.


+------------------------------------------------------+
; General Register Statistics                          ;
+----------------------------------------------+-------+
; Statistic                                    ; Value ;
+----------------------------------------------+-------+
; Total registers                              ; 66    ;
; Number of registers using Synchronous Clear  ; 64    ;
; Number of registers using Synchronous Load   ; 0     ;
; Number of registers using Asynchronous Clear ; 0     ;
; Number of registers using Asynchronous Load  ; 0     ;
; Number of registers using Clock Enable       ; 0     ;
; Number of registers using Preset             ; 0     ;
+----------------------------------------------+-------+


+--------------------------------------------------------------------+
; Port Connectivity Checks: "myclockdivider:Generate_1Hz_clk"        ;
+-----------------------+--------+----------+------------------------+
; Port                  ; Type   ; Severity ; Details                ;
+-----------------------+--------+----------+------------------------+
; div_clk_count[22..18] ; Input  ; Info     ; Stuck at VCC           ;
; div_clk_count[14..11] ; Input  ; Info     ; Stuck at VCC           ;
; div_clk_count[31..25] ; Input  ; Info     ; Stuck at GND           ;
; div_clk_count[10..7]  ; Input  ; Info     ; Stuck at GND           ;
; div_clk_count[5..0]   ; Input  ; Info     ; Stuck at GND           ;
; div_clk_count[24]     ; Input  ; Info     ; Stuck at VCC           ;
; div_clk_count[23]     ; Input  ; Info     ; Stuck at GND           ;
; div_clk_count[17]     ; Input  ; Info     ; Stuck at GND           ;
; div_clk_count[16]     ; Input  ; Info     ; Stuck at VCC           ;
; div_clk_count[15]     ; Input  ; Info     ; Stuck at GND           ;
; div_clk_count[6]      ; Input  ; Info     ; Stuck at VCC           ;
; Reset                 ; Input  ; Info     ; Stuck at GND           ;
; outclk_Not            ; Output ; Info     ; Explicitly unconnected ;
+-----------------------+--------+----------+------------------------+


+--------------------------------------------------------------------+
; Port Connectivity Checks: "myclockdivider:Generate_clk"            ;
+-----------------------+--------+----------+------------------------+
; Port                  ; Type   ; Severity ; Details                ;
+-----------------------+--------+----------+------------------------+
; div_clk_count[31..16] ; Input  ; Info     ; Stuck at GND           ;
; div_clk_count[1]      ; Input  ; Info     ; Stuck at GND           ;
; Reset                 ; Input  ; Info     ; Stuck at GND           ;
; outclk_Not            ; Output ; Info     ; Explicitly unconnected ;
+-----------------------+--------+----------+------------------------+


+-------------------------------+
; Analysis & Synthesis Messages ;
+-------------------------------+
Info: *******************************************************************
Info: Running Quartus II Analysis & Synthesis
    Info: Version 9.0 Build 235 06/17/2009 Service Pack 2 SJ Web Edition
    Info: Processing started: Thu May 22 17:35:41 2025
Info: Command: quartus_map --read_settings_files=on --write_settings_files=off myorgan -c myorgan
Info: Found 1 design units, including 1 entities, in source file LED_ping_pong.v
    Info: Found entity 1: LED_ping_pong
Info: Found 1 design units, including 1 entities, in source file myclockdivider.v
    Info: Found entity 1: myclockdivider
Info: Found 1 design units, including 1 entities, in source file myorgan.v
    Info: Found entity 1: myorgan
Info: Elaborating entity "myorgan" for the top level hierarchy
Info: Elaborating entity "myclockdivider" for hierarchy "myclockdivider:Generate_clk"
Warning (10034): Output port "outclk_Not" at myclockdivider.v(1) has no driver
Warning: Design contains 4 input pin(s) that do not drive logic
    Warning (15610): No output dependent on input pin "SW[4]"
    Warning (15610): No output dependent on input pin "SW[5]"
    Warning (15610): No output dependent on input pin "SW[6]"
    Warning (15610): No output dependent on input pin "SW[7]"
Info: Implemented 126 device resources after synthesis - the final resource count might be different
    Info: Implemented 9 input pins
    Info: Implemented 3 output pins
    Info: Implemented 114 logic cells
Info: Quartus II Analysis & Synthesis was successful. 0 errors, 6 warnings
    Info: Peak virtual memory: 235 megabytes
    Info: Processing ended: Thu May 22 17:35:42 2025
    Info: Elapsed time: 00:00:01
    Info: Total CPU time (on all processors): 00:00:01


