Analysis & Synthesis report for address_control
Mon Jun 02 09:00:43 2025
Quartus II Version 9.0 Build 235 06/17/2009 Service Pack 2 SJ Web Edition


---------------------
; Table of Contents ;
---------------------
  1. Legal Notice
  2. Analysis & Synthesis Summary
  3. Analysis & Synthesis Settings
  4. Analysis & Synthesis Source Files Read
  5. Analysis & Synthesis Resource Usage Summary
  6. Analysis & Synthesis Resource Utilization by Entity
  7. General Register Statistics
  8. Multiplexer Restructuring Statistics (Restructuring Performed)
  9. Parameter Settings for User Entity Instance: Top-level Entity: |address_control
 10. Analysis & Synthesis Messages



----------------
; Legal Notice ;
----------------
Copyright (C) 1991-2009 Altera Corporation
Your use of Altera Corporation's design tools, logic functions 
and other software and tools, and its AMPP partner logic 
functions, and any output files from any of the foregoing 
(including device programming or simulation files), and any 
associated documentation or information are expressly subject 
to the terms and conditions of the Altera Program License 
Subscription Agreement, Altera MegaCore Function License 
Agreement, or other applicable license agreement, including, 
without limitation, that your use is for the sole purpose of 
programming logic devices manufactured by Altera and sold by 
Altera or its authorized distributors.  Please refer to the 
applicable agreement for further details.



+-----------------------------------------------------------------------------------+
; Analysis & Synthesis Summary                                                      ;
+------------------------------------+----------------------------------------------+
; Analysis & Synthesis Status        ; Successful - Mon Jun 02 09:00:43 2025        ;
; Quartus II Version                 ; 9.0 Build 235 06/17/2009 SP 2 SJ Web Edition ;
; Revision Name                      ; address_control                              ;
; Top-level Entity Name              ; address_control                              ;
; Family                             ; Cyclone II                                   ;
; Total logic elements               ; 73                                           ;
;     Total combinational functions  ; 73                                           ;
;     Dedicated logic registers      ; 38                                           ;
; Total registers                    ; 38                                           ;
; Total pins                         ; 76                                           ;
; Total virtual pins                 ; 0                                            ;
; Total memory bits                  ; 0                                            ;
; Embedded Multiplier 9-bit elements ; 0                                            ;
; Total PLLs                         ; 0                                            ;
+------------------------------------+----------------------------------------------+


+--------------------------------------------------------------------------------------------------------+
; Analysis & Synthesis Settings                                                                          ;
+--------------------------------------------------------------+--------------------+--------------------+
; Option                                                       ; Setting            ; Default Value      ;
+--------------------------------------------------------------+--------------------+--------------------+
; Top-level entity name                                        ; address_control    ; address_control    ;
; Family name                                                  ; Cyclone II         ; Cyclone IV GX      ;
; Verilog Show LMF Mapping Messages                            ; Off                ;                    ;
; Verilog Version                                              ; SystemVerilog_2005 ; Verilog_2001       ;
; Use Generated Physical Constraints File                      ; Off                ;                    ;
; Use smart compilation                                        ; Off                ; Off                ;
; Restructure Multiplexers                                     ; Auto               ; Auto               ;
; Create Debugging Nodes for IP Cores                          ; Off                ; Off                ;
; Preserve fewer node names                                    ; On                 ; On                 ;
; Disable OpenCore Plus hardware evaluation                    ; Off                ; Off                ;
; VHDL Version                                                 ; VHDL93             ; VHDL93             ;
; State Machine Processing                                     ; Auto               ; Auto               ;
; Safe State Machine                                           ; Off                ; Off                ;
; Extract Verilog State Machines                               ; On                 ; On                 ;
; Extract VHDL State Machines                                  ; On                 ; On                 ;
; Ignore Verilog initial constructs                            ; Off                ; Off                ;
; Iteration limit for constant Verilog loops                   ; 5000               ; 5000               ;
; Iteration limit for non-constant Verilog loops               ; 250                ; 250                ;
; Add Pass-Through Logic to Inferred RAMs                      ; On                 ; On                 ;
; Parallel Synthesis                                           ; Off                ; Off                ;
; DSP Block Balancing                                          ; Auto               ; Auto               ;
; NOT Gate Push-Back                                           ; On                 ; On                 ;
; Power-Up Don't Care                                          ; On                 ; On                 ;
; Remove Redundant Logic Cells                                 ; Off                ; Off                ;
; Remove Duplicate Registers                                   ; On                 ; On                 ;
; Ignore CARRY Buffers                                         ; Off                ; Off                ;
; Ignore CASCADE Buffers                                       ; Off                ; Off                ;
; Ignore GLOBAL Buffers                                        ; Off                ; Off                ;
; Ignore ROW GLOBAL Buffers                                    ; Off                ; Off                ;
; Ignore LCELL Buffers                                         ; Off                ; Off                ;
; Ignore SOFT Buffers                                          ; On                 ; On                 ;
; Limit AHDL Integers to 32 Bits                               ; Off                ; Off                ;
; Optimization Technique                                       ; Balanced           ; Balanced           ;
; Carry Chain Length                                           ; 70                 ; 70                 ;
; Auto Carry Chains                                            ; On                 ; On                 ;
; Auto Open-Drain Pins                                         ; On                 ; On                 ;
; Perform WYSIWYG Primitive Resynthesis                        ; Off                ; Off                ;
; Auto ROM Replacement                                         ; On                 ; On                 ;
; Auto RAM Replacement                                         ; On                 ; On                 ;
; Auto Shift Register Replacement                              ; Auto               ; Auto               ;
; Auto Clock Enable Replacement                                ; On                 ; On                 ;
; Strict RAM Replacement                                       ; Off                ; Off                ;
; Allow Synchronous Control Signals                            ; On                 ; On                 ;
; Force Use of Synchronous Clear Signals                       ; Off                ; Off                ;
; Auto RAM to Logic Cell Conversion                            ; Off                ; Off                ;
; Auto Resource Sharing                                        ; Off                ; Off                ;
; Allow Any RAM Size For Recognition                           ; Off                ; Off                ;
; Allow Any ROM Size For Recognition                           ; Off                ; Off                ;
; Allow Any Shift Register Size For Recognition                ; Off                ; Off                ;
; Use LogicLock Constraints during Resource Balancing          ; On                 ; On                 ;
; Ignore translate_off and synthesis_off directives            ; Off                ; Off                ;
; Timing-Driven Synthesis                                      ; On                 ; On                 ;
; Show Parameter Settings Tables in Synthesis Report           ; On                 ; On                 ;
; Ignore Maximum Fan-Out Assignments                           ; Off                ; Off                ;
; Synchronization Register Chain Length                        ; 3                  ; 3                  ;
; PowerPlay Power Optimization                                 ; Normal compilation ; Normal compilation ;
; HDL message level                                            ; Level2             ; Level2             ;
; Suppress Register Optimization Related Messages              ; Off                ; Off                ;
; Number of Removed Registers Reported in Synthesis Report     ; 5000               ; 5000               ;
; Number of Inverted Registers Reported in Synthesis Report    ; 100                ; 100                ;
; Clock MUX Protection                                         ; On                 ; On                 ;
; Auto Gated Clock Conversion                                  ; Off                ; Off                ;
; Block Design Naming                                          ; Auto               ; Auto               ;
; SDC constraint protection                                    ; Off                ; Off                ;
; Synthesis Effort                                             ; Auto               ; Auto               ;
; Shift Register Replacement - Allow Asynchronous Clear Signal ; On                 ; On                 ;
; Analysis & Synthesis Message Level                           ; Medium             ; Medium             ;
+--------------------------------------------------------------+--------------------+--------------------+


+------------------------------------------------------------------------------------------------------------------------------------------------------------------+
; Analysis & Synthesis Source Files Read                                                                                                                           ;
+----------------------------------+-----------------+------------------------+------------------------------------------------------------------------------------+
; File Name with User-Entered Path ; Used in Netlist ; File Type              ; File Name with Absolute Path                                                       ;
+----------------------------------+-----------------+------------------------+------------------------------------------------------------------------------------+
; address_control.v                ; yes             ; User Verilog HDL File  ; C:/Users/Admin/Desktop/lab2/lab2_template_de1soc/template_de1soc/address_control.v ;
+----------------------------------+-----------------+------------------------+------------------------------------------------------------------------------------+


+-----------------------------------------------------+
; Analysis & Synthesis Resource Usage Summary         ;
+---------------------------------------------+-------+
; Resource                                    ; Usage ;
+---------------------------------------------+-------+
; Estimated Total logic elements              ; 73    ;
;                                             ;       ;
; Total combinational functions               ; 73    ;
; Logic element usage by number of LUT inputs ;       ;
;     -- 4 input functions                    ; 38    ;
;     -- 3 input functions                    ; 25    ;
;     -- <=2 input functions                  ; 10    ;
;                                             ;       ;
; Logic elements by mode                      ;       ;
;     -- normal mode                          ; 51    ;
;     -- arithmetic mode                      ; 22    ;
;                                             ;       ;
; Total registers                             ; 38    ;
;     -- Dedicated logic registers            ; 38    ;
;     -- I/O registers                        ; 0     ;
;                                             ;       ;
; I/O pins                                    ; 76    ;
; Maximum fan-out node                        ; clk   ;
; Maximum fan-out                             ; 38    ;
; Total fan-out                               ; 431   ;
; Average fan-out                             ; 2.30  ;
+---------------------------------------------+-------+


+-----------------------------------------------------------------------------------------------------------------------------------------------------------------------------+
; Analysis & Synthesis Resource Utilization by Entity                                                                                                                         ;
+----------------------------+-------------------+--------------+-------------+--------------+---------+-----------+------+--------------+---------------------+--------------+
; Compilation Hierarchy Node ; LC Combinationals ; LC Registers ; Memory Bits ; DSP Elements ; DSP 9x9 ; DSP 18x18 ; Pins ; Virtual Pins ; Full Hierarchy Name ; Library Name ;
+----------------------------+-------------------+--------------+-------------+--------------+---------+-----------+------+--------------+---------------------+--------------+
; |address_control           ; 73 (73)           ; 38 (38)      ; 0           ; 0            ; 0       ; 0         ; 76   ; 0            ; |address_control    ; work         ;
+----------------------------+-------------------+--------------+-------------+--------------+---------+-----------+------+--------------+---------------------+--------------+
Note: For table entries with two numbers listed, the numbers in parentheses indicate the number of resources of the given type used by the specific entity alone. The numbers listed outside of parentheses indicate the total resources of the given type used by the specific entity and all of its sub-entities in the hierarchy.


+------------------------------------------------------+
; General Register Statistics                          ;
+----------------------------------------------+-------+
; Statistic                                    ; Value ;
+----------------------------------------------+-------+
; Total registers                              ; 38    ;
; Number of registers using Synchronous Clear  ; 0     ;
; Number of registers using Synchronous Load   ; 23    ;
; Number of registers using Asynchronous Clear ; 0     ;
; Number of registers using Asynchronous Load  ; 0     ;
; Number of registers using Clock Enable       ; 31    ;
; Number of registers using Preset             ; 0     ;
+----------------------------------------------+-------+


+-------------------------------------------------------------------------------------------------------------------------------------------------+
; Multiplexer Restructuring Statistics (Restructuring Performed)                                                                                  ;
+--------------------+-----------+---------------+----------------------+------------------------+------------+-----------------------------------+
; Multiplexer Inputs ; Bus Width ; Baseline Area ; Area if Restructured ; Saving if Restructured ; Registered ; Example Multiplexer Output        ;
+--------------------+-----------+---------------+----------------------+------------------------+------------+-----------------------------------+
; 130:1              ; 8 bits    ; 688 LEs       ; 8 LEs                ; 680 LEs                ; Yes        ; |address_control|data_out[0]~reg0 ;
; 130:1              ; 23 bits   ; 1978 LEs      ; 46 LEs               ; 1932 LEs               ; Yes        ; |address_control|address[8]~reg0  ;
; 130:1              ; 3 bits    ; 258 LEs       ; 30 LEs               ; 228 LEs                ; Yes        ; |address_control|state[1]         ;
+--------------------+-----------+---------------+----------------------+------------------------+------------+-----------------------------------+


+---------------------------------------------------------------------------------+
; Parameter Settings for User Entity Instance: Top-level Entity: |address_control ;
+-----------------+---------+-----------------------------------------------------+
; Parameter Name  ; Value   ; Type                                                ;
+-----------------+---------+-----------------------------------------------------+
; idle            ; 0000000 ; Unsigned Binary                                     ;
; readflash       ; 0001110 ; Unsigned Binary                                     ;
; handle_read1    ; 0010000 ; Unsigned Binary                                     ;
; wait_read1      ; 0011000 ; Unsigned Binary                                     ;
; handle_read2    ; 0100000 ; Unsigned Binary                                     ;
; wait_read2      ; 0101000 ; Unsigned Binary                                     ;
; check_operation ; 0110000 ; Unsigned Binary                                     ;
; inc_addr        ; 0111000 ; Unsigned Binary                                     ;
; dec_addr        ; 1000000 ; Unsigned Binary                                     ;
; finished        ; 1001001 ; Unsigned Binary                                     ;
+-----------------+---------+-----------------------------------------------------+
Note: In order to hide this table in the UI and the text report file, please set the "Show Parameter Settings Tables in Synthesis Report" option in "Analysis and Synthesis Settings -> More Settings" to "Off".


+-------------------------------+
; Analysis & Synthesis Messages ;
+-------------------------------+
Info: *******************************************************************
Info: Running Quartus II Analysis & Synthesis
    Info: Version 9.0 Build 235 06/17/2009 Service Pack 2 SJ Web Edition
    Info: Processing started: Mon Jun 02 09:00:42 2025
Info: Command: quartus_map --read_settings_files=on --write_settings_files=off address_control -c address_control
Info: Found 1 design units, including 1 entities, in source file address_control.v
    Info: Found entity 1: address_control
Info: Elaborating entity "address_control" for the top level hierarchy
Warning (10034): Output port "byteenable[3]" at address_control.v(12) has no driver
Warning (10034): Output port "byteenable[2]" at address_control.v(12) has no driver
Warning (10034): Output port "byteenable[1]" at address_control.v(12) has no driver
Warning (10034): Output port "byteenable[0]" at address_control.v(12) has no driver
Warning: Timing-Driven Synthesis is skipped because the Classic Timing Analyzer is turned on
Warning: Output pins are stuck at VCC or GND
    Warning (13410): Pin "byteenable[0]" is stuck at GND
    Warning (13410): Pin "byteenable[1]" is stuck at GND
    Warning (13410): Pin "byteenable[2]" is stuck at GND
    Warning (13410): Pin "byteenable[3]" is stuck at GND
Warning: Design contains 17 input pin(s) that do not drive logic
    Warning (15610): No output dependent on input pin "R"
    Warning (15610): No output dependent on input pin "data_in[0]"
    Warning (15610): No output dependent on input pin "data_in[1]"
    Warning (15610): No output dependent on input pin "data_in[2]"
    Warning (15610): No output dependent on input pin "data_in[3]"
    Warning (15610): No output dependent on input pin "data_in[4]"
    Warning (15610): No output dependent on input pin "data_in[5]"
    Warning (15610): No output dependent on input pin "data_in[6]"
    Warning (15610): No output dependent on input pin "data_in[7]"
    Warning (15610): No output dependent on input pin "data_in[16]"
    Warning (15610): No output dependent on input pin "data_in[17]"
    Warning (15610): No output dependent on input pin "data_in[18]"
    Warning (15610): No output dependent on input pin "data_in[19]"
    Warning (15610): No output dependent on input pin "data_in[20]"
    Warning (15610): No output dependent on input pin "data_in[21]"
    Warning (15610): No output dependent on input pin "data_in[22]"
    Warning (15610): No output dependent on input pin "data_in[23]"
Info: Implemented 149 device resources after synthesis - the final resource count might be different
    Info: Implemented 38 input pins
    Info: Implemented 38 output pins
    Info: Implemented 73 logic cells
Info: Quartus II Analysis & Synthesis was successful. 0 errors, 28 warnings
    Info: Peak virtual memory: 235 megabytes
    Info: Processing ended: Mon Jun 02 09:00:43 2025
    Info: Elapsed time: 00:00:01
    Info: Total CPU time (on all processors): 00:00:01


