Simulator report for flash_reader
Fri May 30 07:40:48 2025
Quartus II Version 9.0 Build 235 06/17/2009 Service Pack 2 SJ Web Edition


---------------------
; Table of Contents ;
---------------------
  1. Legal Notice
  2. Simulator Summary
  3. Simulator Settings
  4. Simulation Waveforms
  5. Coverage Summary
  6. Complete 1/0-Value Coverage
  7. Missing 1-Value Coverage
  8. Missing 0-Value Coverage
  9. Simulator INI Usage
 10. Simulator Messages



----------------
; Legal Notice ;
----------------
Copyright (C) 1991-2009 Altera Corporation
Your use of Altera Corporation's design tools, logic functions 
and other software and tools, and its AMPP partner logic 
functions, and any output files from any of the foregoing 
(including device programming or simulation files), and any 
associated documentation or information are expressly subject 
to the terms and conditions of the Altera Program License 
Subscription Agreement, Altera MegaCore Function License 
Agreement, or other applicable license agreement, including, 
without limitation, that your use is for the sole purpose of 
programming logic devices manufactured by Altera and sold by 
Altera or its authorized distributors.  Please refer to the 
applicable agreement for further details.



+--------------------------------------------+
; Simulator Summary                          ;
+-----------------------------+--------------+
; Type                        ; Value        ;
+-----------------------------+--------------+
; Simulation Start Time       ; 0 ps         ;
; Simulation End Time         ; 1.0 us       ;
; Simulation Netlist Size     ; 115 nodes    ;
; Simulation Coverage         ;      38.26 % ;
; Total Number of Transitions ; 295          ;
; Simulation Breakpoints      ; 0            ;
; Family                      ; Cyclone II   ;
+-----------------------------+--------------+


+-------------------------------------------------------------------------------------------------------------------------+
; Simulator Settings                                                                                                      ;
+--------------------------------------------------------------------------------------------+------------+---------------+
; Option                                                                                     ; Setting    ; Default Value ;
+--------------------------------------------------------------------------------------------+------------+---------------+
; Simulation mode                                                                            ; Functional ; Timing        ;
; Start time                                                                                 ; 0 ns       ; 0 ns          ;
; Simulation results format                                                                  ; CVWF       ;               ;
; Add pins automatically to simulation output waveforms                                      ; On         ; On            ;
; Check outputs                                                                              ; Off        ; Off           ;
; Report simulation coverage                                                                 ; On         ; On            ;
; Display complete 1/0 value coverage report                                                 ; On         ; On            ;
; Display missing 1-value coverage report                                                    ; On         ; On            ;
; Display missing 0-value coverage report                                                    ; On         ; On            ;
; Detect setup and hold time violations                                                      ; Off        ; Off           ;
; Detect glitches                                                                            ; Off        ; Off           ;
; Disable timing delays in Timing Simulation                                                 ; Off        ; Off           ;
; Generate Signal Activity File                                                              ; Off        ; Off           ;
; Generate VCD File for PowerPlay Power Analyzer                                             ; Off        ; Off           ;
; Group bus channels in simulation results                                                   ; Off        ; Off           ;
; Preserve fewer signal transitions to reduce memory requirements                            ; On         ; On            ;
; Trigger vector comparison with the specified mode                                          ; INPUT_EDGE ; INPUT_EDGE    ;
; Disable setup and hold time violations detection in input registers of bi-directional pins ; Off        ; Off           ;
; Overwrite Waveform Inputs With Simulation Outputs                                          ; On         ;               ;
; Perform Glitch Filtering in Timing Simulation                                              ; Auto       ; Auto          ;
+--------------------------------------------------------------------------------------------+------------+---------------+


+----------------------+
; Simulation Waveforms ;
+----------------------+
Waveform report data cannot be output to ASCII.
Please use Quartus II to view the waveform report data.


+--------------------------------------------------------------------+
; Coverage Summary                                                   ;
+-----------------------------------------------------+--------------+
; Type                                                ; Value        ;
+-----------------------------------------------------+--------------+
; Total coverage as a percentage                      ;      38.26 % ;
; Total nodes checked                                 ; 115          ;
; Total output ports checked                          ; 115          ;
; Total output ports with complete 1/0-value coverage ; 44           ;
; Total output ports with no 1/0-value coverage       ; 71           ;
; Total output ports with no 1-value coverage         ; 71           ;
; Total output ports with no 0-value coverage         ; 71           ;
+-----------------------------------------------------+--------------+


The following table displays output ports that toggle between 1 and 0 during simulation.
+------------------------------------------------------------------------------+
; Complete 1/0-Value Coverage                                                  ;
+-----------------------------+-----------------------------+------------------+
; Node Name                   ; Output Port Name            ; Output Port Type ;
+-----------------------------+-----------------------------+------------------+
; |flash_reader|state[0]~reg0 ; |flash_reader|state[0]~reg0 ; regout           ;
; |flash_reader|state~0       ; |flash_reader|state~0       ; out              ;
; |flash_reader|state~1       ; |flash_reader|state~1       ; out              ;
; |flash_reader|state~2       ; |flash_reader|state~2       ; out              ;
; |flash_reader|state~3       ; |flash_reader|state~3       ; out              ;
; |flash_reader|state~4       ; |flash_reader|state~4       ; out              ;
; |flash_reader|state~5       ; |flash_reader|state~5       ; out              ;
; |flash_reader|state~6       ; |flash_reader|state~6       ; out              ;
; |flash_reader|state~7       ; |flash_reader|state~7       ; out              ;
; |flash_reader|state~8       ; |flash_reader|state~8       ; out              ;
; |flash_reader|state~9       ; |flash_reader|state~9       ; out              ;
; |flash_reader|state[4]~reg0 ; |flash_reader|state[4]~reg0 ; regout           ;
; |flash_reader|state[3]~reg0 ; |flash_reader|state[3]~reg0 ; regout           ;
; |flash_reader|state[2]~reg0 ; |flash_reader|state[2]~reg0 ; regout           ;
; |flash_reader|state[1]~reg0 ; |flash_reader|state[1]~reg0 ; regout           ;
; |flash_reader|clk           ; |flash_reader|clk           ; out              ;
; |flash_reader|start         ; |flash_reader|start         ; out              ;
; |flash_reader|is_read       ; |flash_reader|is_read       ; out              ;
; |flash_reader|state[0]      ; |flash_reader|state[0]      ; pin_out          ;
; |flash_reader|state[1]      ; |flash_reader|state[1]      ; pin_out          ;
; |flash_reader|state[2]      ; |flash_reader|state[2]      ; pin_out          ;
; |flash_reader|state[3]      ; |flash_reader|state[3]      ; pin_out          ;
; |flash_reader|state[4]      ; |flash_reader|state[4]      ; pin_out          ;
; |flash_reader|finish        ; |flash_reader|finish        ; pin_out          ;
; |flash_reader|Selector0~0   ; |flash_reader|Selector0~0   ; out0             ;
; |flash_reader|Selector0~4   ; |flash_reader|Selector0~4   ; out0             ;
; |flash_reader|Selector1~0   ; |flash_reader|Selector1~0   ; out0             ;
; |flash_reader|Selector1~3   ; |flash_reader|Selector1~3   ; out0             ;
; |flash_reader|Selector2~0   ; |flash_reader|Selector2~0   ; out0             ;
; |flash_reader|Selector2~2   ; |flash_reader|Selector2~2   ; out0             ;
; |flash_reader|Selector3~0   ; |flash_reader|Selector3~0   ; out0             ;
; |flash_reader|Selector3~1   ; |flash_reader|Selector3~1   ; out0             ;
; |flash_reader|Selector3~2   ; |flash_reader|Selector3~2   ; out0             ;
; |flash_reader|Selector4~0   ; |flash_reader|Selector4~0   ; out0             ;
; |flash_reader|Selector4~4   ; |flash_reader|Selector4~4   ; out0             ;
; |flash_reader|Decoder0~0    ; |flash_reader|Decoder0~0    ; out0             ;
; |flash_reader|Decoder0~2    ; |flash_reader|Decoder0~2    ; out0             ;
; |flash_reader|Decoder0~4    ; |flash_reader|Decoder0~4    ; out0             ;
; |flash_reader|Decoder0~8    ; |flash_reader|Decoder0~8    ; out0             ;
; |flash_reader|Decoder0~31   ; |flash_reader|Decoder0~31   ; out              ;
; |flash_reader|Decoder0~32   ; |flash_reader|Decoder0~32   ; out              ;
; |flash_reader|Decoder0~33   ; |flash_reader|Decoder0~33   ; out              ;
; |flash_reader|Decoder0~35   ; |flash_reader|Decoder0~35   ; out              ;
; |flash_reader|Decoder0~39   ; |flash_reader|Decoder0~39   ; out              ;
+-----------------------------+-----------------------------+------------------+


The following table displays output ports that do not toggle to 1 during simulation.
+------------------------------------------------------------------------------+
; Missing 1-Value Coverage                                                     ;
+-----------------------------+-----------------------------+------------------+
; Node Name                   ; Output Port Name            ; Output Port Type ;
+-----------------------------+-----------------------------+------------------+
; |flash_reader|state~10      ; |flash_reader|state~10      ; out              ;
; |flash_reader|state~11      ; |flash_reader|state~11      ; out              ;
; |flash_reader|state~12      ; |flash_reader|state~12      ; out              ;
; |flash_reader|state~13      ; |flash_reader|state~13      ; out              ;
; |flash_reader|state~14      ; |flash_reader|state~14      ; out              ;
; |flash_reader|state~15      ; |flash_reader|state~15      ; out              ;
; |flash_reader|state~16      ; |flash_reader|state~16      ; out              ;
; |flash_reader|state~17      ; |flash_reader|state~17      ; out              ;
; |flash_reader|state~18      ; |flash_reader|state~18      ; out              ;
; |flash_reader|state~19      ; |flash_reader|state~19      ; out              ;
; |flash_reader|WideOr0       ; |flash_reader|WideOr0       ; out0             ;
; |flash_reader|reset_all     ; |flash_reader|reset_all     ; out              ;
; |flash_reader|waitrequest   ; |flash_reader|waitrequest   ; out              ;
; |flash_reader|readdatavalid ; |flash_reader|readdatavalid ; out              ;
; |flash_reader|Selector0~1   ; |flash_reader|Selector0~1   ; out0             ;
; |flash_reader|Selector0~2   ; |flash_reader|Selector0~2   ; out0             ;
; |flash_reader|Selector0~3   ; |flash_reader|Selector0~3   ; out0             ;
; |flash_reader|Selector0~5   ; |flash_reader|Selector0~5   ; out0             ;
; |flash_reader|Selector1~1   ; |flash_reader|Selector1~1   ; out0             ;
; |flash_reader|Selector1~2   ; |flash_reader|Selector1~2   ; out0             ;
; |flash_reader|Selector1~4   ; |flash_reader|Selector1~4   ; out0             ;
; |flash_reader|Selector1~5   ; |flash_reader|Selector1~5   ; out0             ;
; |flash_reader|Selector2~1   ; |flash_reader|Selector2~1   ; out0             ;
; |flash_reader|Selector2~3   ; |flash_reader|Selector2~3   ; out0             ;
; |flash_reader|Selector2~4   ; |flash_reader|Selector2~4   ; out0             ;
; |flash_reader|Selector2~5   ; |flash_reader|Selector2~5   ; out0             ;
; |flash_reader|Selector3~3   ; |flash_reader|Selector3~3   ; out0             ;
; |flash_reader|Selector3~4   ; |flash_reader|Selector3~4   ; out0             ;
; |flash_reader|Selector3~5   ; |flash_reader|Selector3~5   ; out0             ;
; |flash_reader|Selector4~1   ; |flash_reader|Selector4~1   ; out0             ;
; |flash_reader|Selector4~2   ; |flash_reader|Selector4~2   ; out0             ;
; |flash_reader|Selector4~3   ; |flash_reader|Selector4~3   ; out0             ;
; |flash_reader|Selector4~5   ; |flash_reader|Selector4~5   ; out0             ;
; |flash_reader|Decoder0~1    ; |flash_reader|Decoder0~1    ; out0             ;
; |flash_reader|Decoder0~3    ; |flash_reader|Decoder0~3    ; out0             ;
; |flash_reader|Decoder0~5    ; |flash_reader|Decoder0~5    ; out0             ;
; |flash_reader|Decoder0~6    ; |flash_reader|Decoder0~6    ; out0             ;
; |flash_reader|Decoder0~7    ; |flash_reader|Decoder0~7    ; out0             ;
; |flash_reader|Decoder0~9    ; |flash_reader|Decoder0~9    ; out0             ;
; |flash_reader|Decoder0~10   ; |flash_reader|Decoder0~10   ; out0             ;
; |flash_reader|Decoder0~11   ; |flash_reader|Decoder0~11   ; out0             ;
; |flash_reader|Decoder0~12   ; |flash_reader|Decoder0~12   ; out0             ;
; |flash_reader|Decoder0~13   ; |flash_reader|Decoder0~13   ; out0             ;
; |flash_reader|Decoder0~14   ; |flash_reader|Decoder0~14   ; out0             ;
; |flash_reader|Decoder0~15   ; |flash_reader|Decoder0~15   ; out0             ;
; |flash_reader|Decoder0~16   ; |flash_reader|Decoder0~16   ; out0             ;
; |flash_reader|Decoder0~17   ; |flash_reader|Decoder0~17   ; out0             ;
; |flash_reader|Decoder0~18   ; |flash_reader|Decoder0~18   ; out0             ;
; |flash_reader|Decoder0~19   ; |flash_reader|Decoder0~19   ; out0             ;
; |flash_reader|Decoder0~20   ; |flash_reader|Decoder0~20   ; out0             ;
; |flash_reader|Decoder0~21   ; |flash_reader|Decoder0~21   ; out0             ;
; |flash_reader|Decoder0~22   ; |flash_reader|Decoder0~22   ; out0             ;
; |flash_reader|Decoder0~23   ; |flash_reader|Decoder0~23   ; out0             ;
; |flash_reader|Decoder0~24   ; |flash_reader|Decoder0~24   ; out0             ;
; |flash_reader|Decoder0~25   ; |flash_reader|Decoder0~25   ; out0             ;
; |flash_reader|Decoder0~26   ; |flash_reader|Decoder0~26   ; out0             ;
; |flash_reader|Decoder0~27   ; |flash_reader|Decoder0~27   ; out0             ;
; |flash_reader|Decoder0~28   ; |flash_reader|Decoder0~28   ; out0             ;
; |flash_reader|Decoder0~29   ; |flash_reader|Decoder0~29   ; out0             ;
; |flash_reader|Decoder0~30   ; |flash_reader|Decoder0~30   ; out0             ;
; |flash_reader|Decoder0~34   ; |flash_reader|Decoder0~34   ; out              ;
; |flash_reader|Decoder0~36   ; |flash_reader|Decoder0~36   ; out              ;
; |flash_reader|Decoder0~37   ; |flash_reader|Decoder0~37   ; out              ;
; |flash_reader|Decoder0~38   ; |flash_reader|Decoder0~38   ; out              ;
; |flash_reader|Decoder0~40   ; |flash_reader|Decoder0~40   ; out              ;
; |flash_reader|Decoder0~41   ; |flash_reader|Decoder0~41   ; out              ;
; |flash_reader|Decoder0~42   ; |flash_reader|Decoder0~42   ; out              ;
; |flash_reader|Decoder0~43   ; |flash_reader|Decoder0~43   ; out              ;
; |flash_reader|Decoder0~44   ; |flash_reader|Decoder0~44   ; out              ;
; |flash_reader|Decoder0~45   ; |flash_reader|Decoder0~45   ; out              ;
; |flash_reader|Decoder0~46   ; |flash_reader|Decoder0~46   ; out              ;
+-----------------------------+-----------------------------+------------------+


The following table displays output ports that do not toggle to 0 during simulation.
+------------------------------------------------------------------------------+
; Missing 0-Value Coverage                                                     ;
+-----------------------------+-----------------------------+------------------+
; Node Name                   ; Output Port Name            ; Output Port Type ;
+-----------------------------+-----------------------------+------------------+
; |flash_reader|state~10      ; |flash_reader|state~10      ; out              ;
; |flash_reader|state~11      ; |flash_reader|state~11      ; out              ;
; |flash_reader|state~12      ; |flash_reader|state~12      ; out              ;
; |flash_reader|state~13      ; |flash_reader|state~13      ; out              ;
; |flash_reader|state~14      ; |flash_reader|state~14      ; out              ;
; |flash_reader|state~15      ; |flash_reader|state~15      ; out              ;
; |flash_reader|state~16      ; |flash_reader|state~16      ; out              ;
; |flash_reader|state~17      ; |flash_reader|state~17      ; out              ;
; |flash_reader|state~18      ; |flash_reader|state~18      ; out              ;
; |flash_reader|state~19      ; |flash_reader|state~19      ; out              ;
; |flash_reader|WideOr0       ; |flash_reader|WideOr0       ; out0             ;
; |flash_reader|reset_all     ; |flash_reader|reset_all     ; out              ;
; |flash_reader|waitrequest   ; |flash_reader|waitrequest   ; out              ;
; |flash_reader|readdatavalid ; |flash_reader|readdatavalid ; out              ;
; |flash_reader|Selector0~1   ; |flash_reader|Selector0~1   ; out0             ;
; |flash_reader|Selector0~2   ; |flash_reader|Selector0~2   ; out0             ;
; |flash_reader|Selector0~3   ; |flash_reader|Selector0~3   ; out0             ;
; |flash_reader|Selector0~5   ; |flash_reader|Selector0~5   ; out0             ;
; |flash_reader|Selector1~1   ; |flash_reader|Selector1~1   ; out0             ;
; |flash_reader|Selector1~2   ; |flash_reader|Selector1~2   ; out0             ;
; |flash_reader|Selector1~4   ; |flash_reader|Selector1~4   ; out0             ;
; |flash_reader|Selector1~5   ; |flash_reader|Selector1~5   ; out0             ;
; |flash_reader|Selector2~1   ; |flash_reader|Selector2~1   ; out0             ;
; |flash_reader|Selector2~3   ; |flash_reader|Selector2~3   ; out0             ;
; |flash_reader|Selector2~4   ; |flash_reader|Selector2~4   ; out0             ;
; |flash_reader|Selector2~5   ; |flash_reader|Selector2~5   ; out0             ;
; |flash_reader|Selector3~3   ; |flash_reader|Selector3~3   ; out0             ;
; |flash_reader|Selector3~4   ; |flash_reader|Selector3~4   ; out0             ;
; |flash_reader|Selector3~5   ; |flash_reader|Selector3~5   ; out0             ;
; |flash_reader|Selector4~1   ; |flash_reader|Selector4~1   ; out0             ;
; |flash_reader|Selector4~2   ; |flash_reader|Selector4~2   ; out0             ;
; |flash_reader|Selector4~3   ; |flash_reader|Selector4~3   ; out0             ;
; |flash_reader|Selector4~5   ; |flash_reader|Selector4~5   ; out0             ;
; |flash_reader|Decoder0~1    ; |flash_reader|Decoder0~1    ; out0             ;
; |flash_reader|Decoder0~3    ; |flash_reader|Decoder0~3    ; out0             ;
; |flash_reader|Decoder0~5    ; |flash_reader|Decoder0~5    ; out0             ;
; |flash_reader|Decoder0~6    ; |flash_reader|Decoder0~6    ; out0             ;
; |flash_reader|Decoder0~7    ; |flash_reader|Decoder0~7    ; out0             ;
; |flash_reader|Decoder0~9    ; |flash_reader|Decoder0~9    ; out0             ;
; |flash_reader|Decoder0~10   ; |flash_reader|Decoder0~10   ; out0             ;
; |flash_reader|Decoder0~11   ; |flash_reader|Decoder0~11   ; out0             ;
; |flash_reader|Decoder0~12   ; |flash_reader|Decoder0~12   ; out0             ;
; |flash_reader|Decoder0~13   ; |flash_reader|Decoder0~13   ; out0             ;
; |flash_reader|Decoder0~14   ; |flash_reader|Decoder0~14   ; out0             ;
; |flash_reader|Decoder0~15   ; |flash_reader|Decoder0~15   ; out0             ;
; |flash_reader|Decoder0~16   ; |flash_reader|Decoder0~16   ; out0             ;
; |flash_reader|Decoder0~17   ; |flash_reader|Decoder0~17   ; out0             ;
; |flash_reader|Decoder0~18   ; |flash_reader|Decoder0~18   ; out0             ;
; |flash_reader|Decoder0~19   ; |flash_reader|Decoder0~19   ; out0             ;
; |flash_reader|Decoder0~20   ; |flash_reader|Decoder0~20   ; out0             ;
; |flash_reader|Decoder0~21   ; |flash_reader|Decoder0~21   ; out0             ;
; |flash_reader|Decoder0~22   ; |flash_reader|Decoder0~22   ; out0             ;
; |flash_reader|Decoder0~23   ; |flash_reader|Decoder0~23   ; out0             ;
; |flash_reader|Decoder0~24   ; |flash_reader|Decoder0~24   ; out0             ;
; |flash_reader|Decoder0~25   ; |flash_reader|Decoder0~25   ; out0             ;
; |flash_reader|Decoder0~26   ; |flash_reader|Decoder0~26   ; out0             ;
; |flash_reader|Decoder0~27   ; |flash_reader|Decoder0~27   ; out0             ;
; |flash_reader|Decoder0~28   ; |flash_reader|Decoder0~28   ; out0             ;
; |flash_reader|Decoder0~29   ; |flash_reader|Decoder0~29   ; out0             ;
; |flash_reader|Decoder0~30   ; |flash_reader|Decoder0~30   ; out0             ;
; |flash_reader|Decoder0~34   ; |flash_reader|Decoder0~34   ; out              ;
; |flash_reader|Decoder0~36   ; |flash_reader|Decoder0~36   ; out              ;
; |flash_reader|Decoder0~37   ; |flash_reader|Decoder0~37   ; out              ;
; |flash_reader|Decoder0~38   ; |flash_reader|Decoder0~38   ; out              ;
; |flash_reader|Decoder0~40   ; |flash_reader|Decoder0~40   ; out              ;
; |flash_reader|Decoder0~41   ; |flash_reader|Decoder0~41   ; out              ;
; |flash_reader|Decoder0~42   ; |flash_reader|Decoder0~42   ; out              ;
; |flash_reader|Decoder0~43   ; |flash_reader|Decoder0~43   ; out              ;
; |flash_reader|Decoder0~44   ; |flash_reader|Decoder0~44   ; out              ;
; |flash_reader|Decoder0~45   ; |flash_reader|Decoder0~45   ; out              ;
; |flash_reader|Decoder0~46   ; |flash_reader|Decoder0~46   ; out              ;
+-----------------------------+-----------------------------+------------------+


+---------------------+
; Simulator INI Usage ;
+--------+------------+
; Option ; Usage      ;
+--------+------------+


+--------------------+
; Simulator Messages ;
+--------------------+
Info: *******************************************************************
Info: Running Quartus II Simulator
    Info: Version 9.0 Build 235 06/17/2009 Service Pack 2 SJ Web Edition
    Info: Processing started: Fri May 30 07:40:48 2025
Info: Command: quartus_sim --read_settings_files=on --write_settings_files=off flash_reader -c flash_reader
Info: Using vector source file "C:/Users/Admin/Desktop/lab2/lab2_template_de1soc/template_de1soc/flash_reader.vwf"
Info: Overwriting simulation input file with simulation results
    Info: A backup of flash_reader.vwf called flash_reader.sim_ori.vwf has been created in the db folder
Warning: Ignored node in vector source file. Can't find corresponding node name "state[5]" in design.
Info: Option to preserve fewer signal transitions to reduce memory requirements is enabled
    Info: Simulation has been partitioned into sub-simulations according to the maximum transition count determined by the engine. Transitions from memory will be flushed out to disk at the end of each sub-simulation to reduce memory requirements.
Info: Simulation partitioned into 1 sub-simulations
Info: Simulation coverage is      38.26 %
Info: Number of transitions in simulation is 295
Info: Vector file flash_reader.vwf is saved in VWF text format. You can compress it into CVWF format in order to reduce file size. For more details please refer to the Quartus II Help.
Info: Quartus II Simulator was successful. 0 errors, 1 warning
    Info: Peak virtual memory: 160 megabytes
    Info: Processing ended: Fri May 30 07:40:48 2025
    Info: Elapsed time: 00:00:00
    Info: Total CPU time (on all processors): 00:00:00


